2021-11-16 15:20:52.436  INFO 24556 --- [main] c.s.parkshark.ParksharkApplication       : Starting ParksharkApplication using Java 17.0.1 on DESKTOP-VVMKEP9 with PID 24556 (C:\Switchfully\2. JAVA\parkshark\target\classes started by colruyt in C:\Switchfully\2. JAVA\parkshark)
2021-11-16 15:20:52.439  INFO 24556 --- [main] c.s.parkshark.ParksharkApplication       : No active profile set, falling back to default profiles: default
2021-11-16 15:20:53.099  INFO 24556 --- [main] .s.d.r.c.RepositoryConfigurationDelegate : Bootstrapping Spring Data JPA repositories in DEFAULT mode.
2021-11-16 15:20:53.115  INFO 24556 --- [main] .s.d.r.c.RepositoryConfigurationDelegate : Finished Spring Data repository scanning in 6 ms. Found 0 JPA repository interfaces.
2021-11-16 15:20:53.539  INFO 24556 --- [main] o.s.b.w.embedded.tomcat.TomcatWebServer  : Tomcat initialized with port(s): 8080 (http)
2021-11-16 15:20:53.547  INFO 24556 --- [main] o.apache.catalina.core.StandardService   : Starting service [Tomcat]
2021-11-16 15:20:53.547  INFO 24556 --- [main] org.apache.catalina.core.StandardEngine  : Starting Servlet engine: [Apache Tomcat/9.0.54]
2021-11-16 15:20:53.740  INFO 24556 --- [main] o.a.c.c.C.[Tomcat].[localhost].[/]       : Initializing Spring embedded WebApplicationContext
2021-11-16 15:20:53.741  INFO 24556 --- [main] w.s.c.ServletWebServerApplicationContext : Root WebApplicationContext: initialization completed in 1254 ms
2021-11-16 15:20:53.886  INFO 24556 --- [main] com.zaxxer.hikari.HikariDataSource       : HikariPool-1 - Starting...
2021-11-16 15:20:54.788  INFO 24556 --- [main] com.zaxxer.hikari.HikariDataSource       : HikariPool-1 - Start completed.
2021-11-16 15:20:54.837  INFO 24556 --- [main] o.hibernate.jpa.internal.util.LogHelper  : HHH000204: Processing PersistenceUnitInfo [name: default]
2021-11-16 15:20:54.908  INFO 24556 --- [main] org.hibernate.Version                    : HHH000412: Hibernate ORM core version 5.4.32.Final
2021-11-16 15:20:55.091  INFO 24556 --- [main] o.hibernate.annotations.common.Version   : HCANN000001: Hibernate Commons Annotations {5.1.2.Final}
2021-11-16 15:20:55.232  INFO 24556 --- [main] org.hibernate.dialect.Dialect            : HHH000400: Using dialect: org.hibernate.dialect.PostgreSQL10Dialect
2021-11-16 15:20:55.971  INFO 24556 --- [main] o.h.e.t.j.p.i.JtaPlatformInitiator       : HHH000490: Using JtaPlatform implementation: [org.hibernate.engine.transaction.jta.platform.internal.NoJtaPlatform]
2021-11-16 15:20:55.983  INFO 24556 --- [main] j.LocalContainerEntityManagerFactoryBean : Initialized JPA EntityManagerFactory for persistence unit 'default'
2021-11-16 15:20:56.099  WARN 24556 --- [main] JpaBaseConfiguration$JpaWebConfiguration : spring.jpa.open-in-view is enabled by default. Therefore, database queries may be performed during view rendering. Explicitly configure spring.jpa.open-in-view to disable this warning
2021-11-16 15:20:56.954  INFO 24556 --- [main] o.s.b.w.embedded.tomcat.TomcatWebServer  : Tomcat started on port(s): 8080 (http) with context path ''
2021-11-16 15:20:56.966  INFO 24556 --- [main] c.s.parkshark.ParksharkApplication       : Started ParksharkApplication in 4.915 seconds (JVM running for 5.663)
2021-11-16 15:21:08.817  INFO 24556 --- [SpringApplicationShutdownHook] j.LocalContainerEntityManagerFactoryBean : Closing JPA EntityManagerFactory for persistence unit 'default'
2021-11-16 15:21:08.821  INFO 24556 --- [SpringApplicationShutdownHook] com.zaxxer.hikari.HikariDataSource       : HikariPool-1 - Shutdown initiated...
2021-11-16 15:21:08.833  INFO 24556 --- [SpringApplicationShutdownHook] com.zaxxer.hikari.HikariDataSource       : HikariPool-1 - Shutdown completed.
